<?xml version="1.0" encoding="UTF-8"?>
<!-- Generated by org.testng.reporters.JUnitXMLReporter -->
<testsuite ignored="0" hostname="DESKTOP-KCC92QF" failures="3" tests="7" name="BankingAPP Test" time="107.309" errors="0" timestamp="2022-01-26T14:57:58 IST">
  <testcase classname="com.banking.testCases.TC_LoginPage_001" name="loginTest" time="2.81"/>
  <testcase classname="com.banking.testCases.TC_LoginDDT_002" name="loginDDT" time="15.104"/>
  <testcase classname="com.banking.testCases.TC_LoginDDT_002" name="loginDDT" time="5.221">
    <failure type="java.lang.AssertionError" message="expected [true] but found [false]">
      <![CDATA[java.lang.AssertionError: expected [true] but found [false]
at com.banking.testCases.TC_LoginDDT_002.loginDDT(TC_LoginDDT_002.java:32)
at java.base/java.util.ArrayList.forEach(ArrayList.java:1511)
... Removed 31 stack frames]]>
    </failure>
  </testcase> <!-- loginDDT -->
  <testcase classname="com.banking.testCases.TC_LoginDDT_002" name="loginDDT" time="7.449">
    <failure type="java.lang.AssertionError" message="expected [true] but found [false]">
      <![CDATA[java.lang.AssertionError: expected [true] but found [false]
at com.banking.testCases.TC_LoginDDT_002.loginDDT(TC_LoginDDT_002.java:32)
at java.base/java.util.ArrayList.forEach(ArrayList.java:1511)
... Removed 31 stack frames]]>
    </failure>
  </testcase> <!-- loginDDT -->
  <testcase classname="com.banking.testCases.TC_LoginDDT_002" name="loginDDT" time="12.621"/>
  <testcase classname="com.banking.testCases.TC_LoginDDT_002" name="loginDDT" time="8.714">
    <failure type="java.lang.AssertionError" message="expected [true] but found [false]">
      <![CDATA[java.lang.AssertionError: expected [true] but found [false]
at com.banking.testCases.TC_LoginDDT_002.loginDDT(TC_LoginDDT_002.java:32)
at java.base/java.util.ArrayList.forEach(ArrayList.java:1511)
... Removed 31 stack frames]]>
    </failure>
  </testcase> <!-- loginDDT -->
  <testcase classname="com.banking.testCases.TC_AddCustTest_003" name="addNewCustomer" time="20.029"/>
</testsuite> <!-- BankingAPP Test -->
